{
  "RSpec": {
    "coverage": {
      "/Users/lucas.razzell/Desktop/Apprenticeship/chitter/app.rb": [
        1,
        null,
        null,
        1,
        1,
        null,
        1,
        0,
        null,
        null,
        1,
        0,
        null,
        0,
        null,
        null,
        1,
        null
      ],
      "/Users/lucas.razzell/Desktop/Apprenticeship/chitter/spec/features/features_spec.rb": [
        1,
        1,
        0,
        0,
        null,
        1,
        0,
        0,
        0,
        0,
        null,
        1,
        0,
        0,
        0,
        0,
        0,
        0,
        0,
        null,
        null
      ],
      "/Users/lucas.razzell/Desktop/Apprenticeship/chitter/spec/message_spec.rb": [
        1,
        null,
        1,
        1,
        0,
        0,
        0,
        null,
        null
      ],
      "/Users/lucas.razzell/Desktop/Apprenticeship/chitter/lib/message.rb": [
        1,
        1,
        0,
        null,
        null,
        1,
        0,
        null,
        null
      ]
    },
    "timestamp": 1540482271
  }
}
